TIME_TO_SIMULATE=5
S3.1: Log { (1 1) }
S1.1: Log { (1 1)  (4 1)  (4 1)  (4 1)  (5 1) }
S2.1: Log { (1 1)  (6 1)  (6 1)  (6 1)  (6 1)  (7 1) }
S3.1: switched to follower mode.
S1.1: switched to follower mode.
S2.1: switched to follower mode.
S3.2: switched to candidate mode.
S1.3: switched to candidate mode.
S2.3: switched to candidate mode.
S1.3: switched to follower mode.
S3.3: switched to follower mode.
S2.4: switched to leader mode.
S3.5: switched to candidate mode.
S2.5: switched to follower mode.
S3.5: switched to leader mode.
S2.6: switched to candidate mode.
S2.6: requestVote for S3 failed.
S2.6: switched to leader mode.
S2.6: appendEntries for S3 failed.
S2.6: appendEntries for S3 failed.
S2.6: appendEntries for S3 failed.
S2.6: appendEntries for S3 failed.
S2.6: appendEntries for S3 failed.
S1.7: requestVote for S2 failed.
S1.7: switched to candidate mode.
S1.7: requestVote for S3 failed.
S1.7: requestVote for S2 failed.
S1.7: requestVote for S3 failed.
S1.7: requestVote for S3 failed.
S1.7: requestVote for S2 failed.
S2.6: Log { (1 1)  (6 1)  (6 1)  (6 1)  (6 1)  (7 1) }
S3.5: Log { (1 1)  (6 1)  (6 1)  (6 1)  (6 1)  (7 1) }
S1.7: requestVote for S3 failed.
S1.7: requestVote for S2 failed.
S1.7: requestVote for S3 failed.
S1.7: requestVote for S2 failed.
S2.6: switched to follower mode.
S1.7: requestVote for S2 failed.
S1.7: requestVote for S3 failed.S3.5: switched to follower mode.

S1.7: requestVote for S3 failed.
S1.7: requestVote for S2 failed.
S1.7: requestVote for S3 failed.
S1.7: switched to leader mode.
TIME_TO_SIMULATE=5
S1.7: Log { (1 1)  (6 1)  (6 1)  (6 1)  (6 1)  (7 1) }
S3.7: Log { (1 1)  (6 1)  (6 1)  (6 1)  (6 1)  (7 1) }
S2.7: Log { (1 1)  (6 1)  (6 1)  (6 1)  (6 1)  (7 1) }
S1.7: switched to follower mode.
S3.7: switched to follower mode.
S2.7: switched to follower mode.
S2.8: switched to candidate mode.
S2.8: switched to leader mode.
S3.8: switched to candidate mode.
S3.8: switched to follower mode.
S2.8: switched to follower mode.
S3.9: switched to candidate mode.
S3.9: switched to leader mode.
S3.9: appendEntries for S2 failed.
S3.9: appendEntries for S2 failed.
S3.9: appendEntries for S2 failed.
S3.9: appendEntries for S2 failed.
S3.9: appendEntries for S2 failed.
S3.9: appendEntries for S2 failed.
S3.9: appendEntries for S2 failed.
S3.9: appendEntries for S2 failed.
S3.9: appendEntries for S2 failed.
S3.9: appendEntries for S2 failed.
S3.9: appendEntries for S2 failed.
S3.9: appendEntries for S2 failed.
S3.9: appendEntries for S2 failed.
S3.9: appendEntries for S2 failed.
S3.9: appendEntries for S1 failed.
S3.9: appendEntries for S1 failed.
S3.9: appendEntries for S2 failed.
S3.9: appendEntries for S2 failed.
S3.9: appendEntries for S1 failed.
S2.9: Log { (1 1)  (6 1)  (6 1)  (6 1)  (6 1)  (7 1) }
S3.9: appendEntries for S1 failed.
S3.9: appendEntries for S2 failed.
S3.9: appendEntries for S2 failed.
S3.9: appendEntries for S1 failed.
S2.9: switched to follower mode.
S3.9: appendEntries for S1 failed.
S3.9: appendEntries for S2 failed.
S3.9: appendEntries for S1 failed.
S3.9: appendEntries for S1 failed.
S3.9: appendEntries for S1 failed.
S3.9: appendEntries for S1 failed.
S3.9: appendEntries for S1 failed.
S3.9: appendEntries for S1 failed.
S3.9: appendEntries for S1 failed.
S3.9: appendEntries for S1 failed.
S3.9: appendEntries for S1 failed.
S3.9: appendEntries for S1 failed.
S1.9: Log { (1 1)  (6 1)  (6 1)  (6 1)  (6 1)  (7 1) }
S3.9: appendEntries for S1 failed.
S3.9: appendEntries for S1 failed.
S1.9: switched to follower mode.
S3.9: appendEntries for S1 failed.
TIME_TO_SIMULATE=5
S3.9: Log { (1 1)  (6 1)  (6 1)  (6 1)  (6 1)  (7 1) }
S2.9: Log { (1 1)  (6 1)  (6 1)  (6 1)  (6 1)  (7 1) }
S1.9: Log { (1 1)  (6 1)  (6 1)  (6 1)  (6 1)  (7 1) }
S3.9: switched to follower mode.
S2.9: switched to follower mode.
S1.9: switched to follower mode.
S3.10: switched to candidate mode.
S3.10: requestVote for S2 failed.
S3.10: requestVote for S2 failed.
S3.10: requestVote for S2 failed.
S3.10: requestVote for S2 failed.
S3.10: requestVote for S2 failed.
S3.10: requestVote for S2 failed.
S3.10: requestVote for S2 failed.
S3.10: requestVote for S2 failed.
S3.11: requestVote for S2 failed.
S2.9: Log { (1 1)  (6 1)  (6 1)  (6 1)  (6 1)  (7 1) }
S3.11: requestVote for S2 failed.
S3.11: requestVote for S2 failed.
S3.11: requestVote for S2 failed.
S3.11: requestVote for S2 failed.
S3.11: requestVote for S2 failed.
S2.9: switched to follower mode.
S3.11: requestVote for S2 failed.
S3.11: requestVote for S2 failed.
S3.12: switched to leader mode.
S3.12: appendEntries for S2 failed.
S1.10: switched to candidate mode.
S1.12: switched to follower mode.
S1.10: requestVote for S2 failed.
S3.12: appendEntries for S2 failed.
S3.12: appendEntries for S2 failed.
S3.12: appendEntries for S2 failed.
S3.12: appendEntries for S2 failed.
S3.12: appendEntries for S2 failed.
S3.12: appendEntries for S2 failed.
S3.12: appendEntries for S2 failed.
S3.12: appendEntries for S2 failed.
S3.12: appendEntries for S2 failed.
S3.12: appendEntries for S2 failed.
S3.12: appendEntries for S2 failed.
S3.12: appendEntries for S2 failed.
S3.12: appendEntries for S1 failed.
S3.12: appendEntries for S2 failed.
S3.12: appendEntries for S1 failed.
S3.12: appendEntries for S2 failed.
S3.12: appendEntries for S2 failed.
S3.12: appendEntries for S1 failed.
S2.12: Log { (1 1)  (6 1)  (6 1)  (6 1)  (6 1)  (7 1) }
S3.12: appendEntries for S2 failed.
S3.12: appendEntries for S1 failed.
S2.12: switched to follower mode.
S3.12: appendEntries for S1 failed.
S3.12: appendEntries for S2 failed.
S3.12: appendEntries for S1 failed.
S3.12: appendEntries for S1 failed.
S3.12: appendEntries for S1 failed.
S3.12: appendEntries for S1 failed.
S3.12: appendEntries for S1 failed.
S3.12: appendEntries for S1 failed.
S3.12: appendEntries for S1 failed.
S3.12: appendEntries for S1 failed.
S3.12: appendEntries for S1 failed.
S3.12: appendEntries for S1 failed.
S3.12: appendEntries for S1 failed.
S3.12: appendEntries for S1 failed.
S1.12: Log { (1 1)  (6 1)  (6 1)  (6 1)  (6 1)  (7 1) }
S3.12: appendEntries for S1 failed.
S3.12: appendEntries for S1 failed.
S1.12: switched to follower mode.
S3.12: appendEntries for S1 failed.
